<?xml version="1.0" encoding="UTF-8"?>
<!-- Generated by org.testng.reporters.JUnitReportReporter -->
<testsuite skipped="0" hostname="DESKTOP-MTSJH43" name="testNGstudy.TestNGstudy" tests="3" failures="0" timestamp="17 Nov 2016 09:44:16 GMT" time="0.016" errors="0">
  <testcase name="verifyUser" time="0.003" classname="testNGstudy.TestNGstudy"/>
  <testcase name="verifyUser" time="0.010" classname="testNGstudy.TestNGstudy"/>
  <testcase name="verifyUser" time="0.003" classname="testNGstudy.TestNGstudy"/>
</testsuite> <!-- testNGstudy.TestNGstudy -->
